<?xml version="1.0" encoding="UTF-8"?>
<!-- Generated by org.testng.reporters.JUnitReportReporter -->
<testsuite skipped="0" hostname="DESKTOP-94HMJT1" name="org.automation.testcases.LoginTest" tests="1" failures="0" timestamp="18 Aug 2018 17:26:21 GMT" time="8.000" errors="0">
  <testcase name="LoginWithCredentials" time="8.000" classname="org.automation.testcases.LoginTest"/>
</testsuite> <!-- org.automation.testcases.LoginTest -->
